<?xml version="1.0" encoding="UTF-8"?>
<testsuite xmlns:xsi="http://www.w3.org/2001/XMLSchema-instance" xsi:noNamespaceSchemaLocation="https://maven.apache.org/surefire/maven-surefire-plugin/xsd/surefire-test-report.xsd" name="RadioTest" time="0.051" tests="11" errors="0" skipped="0" failures="0">
  <properties>
[...]
</properties>
  <testcase name="shouldIncreaseVolume1" classname="RadioTest" time="0.028"/>
  <testcase name="shouldIncreaseNumber" classname="RadioTest" time="0.001"/>
  <testcase name="shouldIncreaseVolume" classname="RadioTest" time="0.001"/>
  <testcase name="shouldSetNumber" classname="RadioTest" time="0.001"/>
  <testcase name="shouldSetNumber1" classname="RadioTest" time="0"/>
  <testcase name="shouldSetNumber2" classname="RadioTest" time="0"/>
  <testcase name="shouldDecreaseNumber" classname="RadioTest" time="0.001"/>
  <testcase name="shouldDecreaseVolume" classname="RadioTest" time="0.001"/>
  <testcase name="shouldIncreaseNumber2" classname="RadioTest" time="0"/>
  <testcase name="shouldIncreaseNumber3" classname="RadioTest" time="0.001"/>
  <testcase name="shouldDecreaseNumber1" classname="RadioTest" time="0.001"/>
</testsuite>